<?xml version="1.0" encoding="UTF-8"?>
<!-- Generated by org.testng.reporters.JUnitReportReporter -->
<testsuite hostname="Raju" failures="0" tests="1" name="NewTest" time="0.007" errors="0" timestamp="2022-12-01T15:23:20 IST" skipped="0">
  <testcase classname="NewTest" name="login" time="0.007"/>
  <system-out/>
</testsuite> <!-- NewTest -->
